2022-02-17 14:05:35 - PHP Unknown:  Return type of Twig\Node\Node::count() should either be compatible with Countable::count(): int, or the #[\ReturnTypeWillChange] attribute should be used to temporarily suppress the notice in C:\xampp\htdocs\opencart1\upload\system\storage\vendor\twig\twig\src\Node\Node.php on line 161
2022-02-17 14:05:35 - PHP Unknown:  Return type of Twig\Node\Node::getIterator() should either be compatible with IteratorAggregate::getIterator(): Traversable, or the #[\ReturnTypeWillChange] attribute should be used to temporarily suppress the notice in C:\xampp\htdocs\opencart1\upload\system\storage\vendor\twig\twig\src\Node\Node.php on line 166
2022-02-17 14:06:27 - PHP Unknown:  Return type of Twig\Node\Node::count() should either be compatible with Countable::count(): int, or the #[\ReturnTypeWillChange] attribute should be used to temporarily suppress the notice in C:\xampp\htdocs\opencart1\upload\system\storage\vendor\twig\twig\src\Node\Node.php on line 161
2022-02-17 14:06:27 - PHP Unknown:  Return type of Twig\Node\Node::getIterator() should either be compatible with IteratorAggregate::getIterator(): Traversable, or the #[\ReturnTypeWillChange] attribute should be used to temporarily suppress the notice in C:\xampp\htdocs\opencart1\upload\system\storage\vendor\twig\twig\src\Node\Node.php on line 166
2022-02-17 14:08:47 - PHP Unknown:  Return type of Twig\Node\Node::count() should either be compatible with Countable::count(): int, or the #[\ReturnTypeWillChange] attribute should be used to temporarily suppress the notice in C:\xampp\htdocs\opencart1\upload\system\storage\vendor\twig\twig\src\Node\Node.php on line 161
2022-02-17 14:08:47 - PHP Unknown:  Return type of Twig\Node\Node::getIterator() should either be compatible with IteratorAggregate::getIterator(): Traversable, or the #[\ReturnTypeWillChange] attribute should be used to temporarily suppress the notice in C:\xampp\htdocs\opencart1\upload\system\storage\vendor\twig\twig\src\Node\Node.php on line 166
2022-02-17 14:12:08 - PHP Unknown:  Return type of Twig\Node\Node::count() should either be compatible with Countable::count(): int, or the #[\ReturnTypeWillChange] attribute should be used to temporarily suppress the notice in C:\xampp\htdocs\opencart1\upload\system\storage\vendor\twig\twig\src\Node\Node.php on line 161
2022-02-17 14:12:08 - PHP Unknown:  Return type of Twig\Node\Node::getIterator() should either be compatible with IteratorAggregate::getIterator(): Traversable, or the #[\ReturnTypeWillChange] attribute should be used to temporarily suppress the notice in C:\xampp\htdocs\opencart1\upload\system\storage\vendor\twig\twig\src\Node\Node.php on line 166
2022-02-17 14:12:57 - PHP Unknown:  Return type of Twig\Node\Node::count() should either be compatible with Countable::count(): int, or the #[\ReturnTypeWillChange] attribute should be used to temporarily suppress the notice in C:\xampp\htdocs\opencart1\upload\system\storage\vendor\twig\twig\src\Node\Node.php on line 161
2022-02-17 14:12:57 - PHP Unknown:  Return type of Twig\Node\Node::getIterator() should either be compatible with IteratorAggregate::getIterator(): Traversable, or the #[\ReturnTypeWillChange] attribute should be used to temporarily suppress the notice in C:\xampp\htdocs\opencart1\upload\system\storage\vendor\twig\twig\src\Node\Node.php on line 166
2022-02-17 14:13:29 - PHP Unknown:  Automatic conversion of false to array is deprecated in C:\xampp\htdocs\opencart1\upload\system\library\cart\user.php on line 43
2022-02-17 14:13:29 - PHP Unknown:  Return type of Twig\Node\Node::count() should either be compatible with Countable::count(): int, or the #[\ReturnTypeWillChange] attribute should be used to temporarily suppress the notice in C:\xampp\htdocs\opencart1\upload\system\storage\vendor\twig\twig\src\Node\Node.php on line 161
2022-02-17 14:13:29 - PHP Unknown:  Return type of Twig\Node\Node::getIterator() should either be compatible with IteratorAggregate::getIterator(): Traversable, or the #[\ReturnTypeWillChange] attribute should be used to temporarily suppress the notice in C:\xampp\htdocs\opencart1\upload\system\storage\vendor\twig\twig\src\Node\Node.php on line 166
2022-02-17 14:13:30 - PHP Unknown:  round(): Passing null to parameter #1 ($num) of type int|float is deprecated in C:\xampp\htdocs\opencart1\upload\admin\controller\extension\dashboard\sale.php on line 116
2022-02-17 14:18:20 - PHP Unknown:  mysqli::real_escape_string(): Passing null to parameter #1 ($string) of type string is deprecated in C:\xampp\htdocs\opencart1\upload\system\library\db\mysqli.php on line 53
2022-02-17 14:18:20 - PHP Unknown:  Return type of Twig\Node\Node::count() should either be compatible with Countable::count(): int, or the #[\ReturnTypeWillChange] attribute should be used to temporarily suppress the notice in C:\xampp\htdocs\opencart1\upload\system\storage\vendor\twig\twig\src\Node\Node.php on line 161
2022-02-17 14:18:20 - PHP Unknown:  Return type of Twig\Node\Node::getIterator() should either be compatible with IteratorAggregate::getIterator(): Traversable, or the #[\ReturnTypeWillChange] attribute should be used to temporarily suppress the notice in C:\xampp\htdocs\opencart1\upload\system\storage\vendor\twig\twig\src\Node\Node.php on line 166
2022-02-17 14:18:20 - PHP Unknown:  round(): Passing null to parameter #1 ($num) of type int|float is deprecated in C:\xampp\htdocs\opencart1\upload\catalog\model\catalog\product.php on line 45
2022-02-17 14:18:20 - PHP Unknown:  round(): Passing null to parameter #1 ($num) of type int|float is deprecated in C:\xampp\htdocs\opencart1\upload\catalog\model\catalog\product.php on line 45
2022-02-17 14:18:21 - PHP Unknown:  round(): Passing null to parameter #1 ($num) of type int|float is deprecated in C:\xampp\htdocs\opencart1\upload\catalog\model\catalog\product.php on line 45
2022-02-17 14:18:21 - PHP Unknown:  round(): Passing null to parameter #1 ($num) of type int|float is deprecated in C:\xampp\htdocs\opencart1\upload\catalog\model\catalog\product.php on line 45
2022-02-17 14:18:47 - PHP Unknown:  mysqli::real_escape_string(): Passing null to parameter #1 ($string) of type string is deprecated in C:\xampp\htdocs\opencart1\upload\system\library\db\mysqli.php on line 53
2022-02-17 14:18:47 - PHP Unknown:  round(): Passing null to parameter #1 ($num) of type int|float is deprecated in C:\xampp\htdocs\opencart1\upload\catalog\model\catalog\product.php on line 45
2022-02-17 14:19:37 - PHP Unknown:  mysqli::real_escape_string(): Passing null to parameter #1 ($string) of type string is deprecated in C:\xampp\htdocs\opencart1\upload\system\library\db\mysqli.php on line 53
2022-02-17 14:19:37 - PHP Unknown:  round(): Passing null to parameter #1 ($num) of type int|float is deprecated in C:\xampp\htdocs\opencart1\upload\catalog\model\catalog\product.php on line 45
2022-02-17 14:19:37 - PHP Unknown:  round(): Passing null to parameter #1 ($num) of type int|float is deprecated in C:\xampp\htdocs\opencart1\upload\catalog\model\catalog\product.php on line 45
2022-02-17 14:19:37 - PHP Unknown:  round(): Passing null to parameter #1 ($num) of type int|float is deprecated in C:\xampp\htdocs\opencart1\upload\catalog\model\catalog\product.php on line 45
2022-02-17 14:19:37 - PHP Unknown:  round(): Passing null to parameter #1 ($num) of type int|float is deprecated in C:\xampp\htdocs\opencart1\upload\catalog\model\catalog\product.php on line 45
2022-02-17 14:19:59 - PHP Unknown:  mysqli::real_escape_string(): Passing null to parameter #1 ($string) of type string is deprecated in C:\xampp\htdocs\opencart1\upload\system\library\db\mysqli.php on line 53
2022-02-17 14:19:59 - PHP Unknown:  Return type of Twig\Node\Node::count() should either be compatible with Countable::count(): int, or the #[\ReturnTypeWillChange] attribute should be used to temporarily suppress the notice in C:\xampp\htdocs\opencart1\upload\system\storage\vendor\twig\twig\src\Node\Node.php on line 161
2022-02-17 14:19:59 - PHP Unknown:  Return type of Twig\Node\Node::getIterator() should either be compatible with IteratorAggregate::getIterator(): Traversable, or the #[\ReturnTypeWillChange] attribute should be used to temporarily suppress the notice in C:\xampp\htdocs\opencart1\upload\system\storage\vendor\twig\twig\src\Node\Node.php on line 166
2022-02-17 14:20:17 - PHP Unknown:  round(): Passing null to parameter #1 ($num) of type int|float is deprecated in C:\xampp\htdocs\opencart1\upload\admin\controller\extension\dashboard\sale.php on line 116
2022-02-17 14:20:32 - PHP Unknown:  round(): Passing null to parameter #1 ($num) of type int|float is deprecated in C:\xampp\htdocs\opencart1\upload\admin\controller\extension\dashboard\sale.php on line 116
2022-02-17 14:21:00 - PHP Unknown:  Automatic conversion of false to array is deprecated in C:\xampp\htdocs\opencart1\upload\admin\controller\sale\order.php on line 390
2022-02-17 14:21:00 - PHP Unknown:  Return type of Twig\Node\Node::count() should either be compatible with Countable::count(): int, or the #[\ReturnTypeWillChange] attribute should be used to temporarily suppress the notice in C:\xampp\htdocs\opencart1\upload\system\storage\vendor\twig\twig\src\Node\Node.php on line 161
2022-02-17 14:21:00 - PHP Unknown:  Return type of Twig\Node\Node::getIterator() should either be compatible with IteratorAggregate::getIterator(): Traversable, or the #[\ReturnTypeWillChange] attribute should be used to temporarily suppress the notice in C:\xampp\htdocs\opencart1\upload\system\storage\vendor\twig\twig\src\Node\Node.php on line 166
2022-02-17 14:21:05 - PHP Unknown:  Return type of Twig\Node\Node::count() should either be compatible with Countable::count(): int, or the #[\ReturnTypeWillChange] attribute should be used to temporarily suppress the notice in C:\xampp\htdocs\opencart1\upload\system\storage\vendor\twig\twig\src\Node\Node.php on line 161
2022-02-17 14:21:05 - PHP Unknown:  Return type of Twig\Node\Node::getIterator() should either be compatible with IteratorAggregate::getIterator(): Traversable, or the #[\ReturnTypeWillChange] attribute should be used to temporarily suppress the notice in C:\xampp\htdocs\opencart1\upload\system\storage\vendor\twig\twig\src\Node\Node.php on line 166
2022-02-17 14:21:10 - PHP Unknown:  Return type of Twig\Node\Node::count() should either be compatible with Countable::count(): int, or the #[\ReturnTypeWillChange] attribute should be used to temporarily suppress the notice in C:\xampp\htdocs\opencart1\upload\system\storage\vendor\twig\twig\src\Node\Node.php on line 161
2022-02-17 14:21:10 - PHP Unknown:  Return type of Twig\Node\Node::getIterator() should either be compatible with IteratorAggregate::getIterator(): Traversable, or the #[\ReturnTypeWillChange] attribute should be used to temporarily suppress the notice in C:\xampp\htdocs\opencart1\upload\system\storage\vendor\twig\twig\src\Node\Node.php on line 166
2022-02-17 14:21:20 - PHP Unknown:  Return type of Twig\Node\Node::count() should either be compatible with Countable::count(): int, or the #[\ReturnTypeWillChange] attribute should be used to temporarily suppress the notice in C:\xampp\htdocs\opencart1\upload\system\storage\vendor\twig\twig\src\Node\Node.php on line 161
2022-02-17 14:21:20 - PHP Unknown:  Return type of Twig\Node\Node::getIterator() should either be compatible with IteratorAggregate::getIterator(): Traversable, or the #[\ReturnTypeWillChange] attribute should be used to temporarily suppress the notice in C:\xampp\htdocs\opencart1\upload\system\storage\vendor\twig\twig\src\Node\Node.php on line 166
2022-02-17 14:21:27 - PHP Unknown:  Return type of Twig\Node\Node::count() should either be compatible with Countable::count(): int, or the #[\ReturnTypeWillChange] attribute should be used to temporarily suppress the notice in C:\xampp\htdocs\opencart1\upload\system\storage\vendor\twig\twig\src\Node\Node.php on line 161
2022-02-17 14:21:27 - PHP Unknown:  Return type of Twig\Node\Node::getIterator() should either be compatible with IteratorAggregate::getIterator(): Traversable, or the #[\ReturnTypeWillChange] attribute should be used to temporarily suppress the notice in C:\xampp\htdocs\opencart1\upload\system\storage\vendor\twig\twig\src\Node\Node.php on line 166
2022-02-17 14:21:35 - PHP Unknown:  Return type of Twig\Node\Node::count() should either be compatible with Countable::count(): int, or the #[\ReturnTypeWillChange] attribute should be used to temporarily suppress the notice in C:\xampp\htdocs\opencart1\upload\system\storage\vendor\twig\twig\src\Node\Node.php on line 161
2022-02-17 14:21:35 - PHP Unknown:  Return type of Twig\Node\Node::getIterator() should either be compatible with IteratorAggregate::getIterator(): Traversable, or the #[\ReturnTypeWillChange] attribute should be used to temporarily suppress the notice in C:\xampp\htdocs\opencart1\upload\system\storage\vendor\twig\twig\src\Node\Node.php on line 166
2022-02-17 14:22:02 - PHP Unknown:  Return type of Twig\Node\Node::count() should either be compatible with Countable::count(): int, or the #[\ReturnTypeWillChange] attribute should be used to temporarily suppress the notice in C:\xampp\htdocs\opencart1\upload\system\storage\vendor\twig\twig\src\Node\Node.php on line 161
2022-02-17 14:22:02 - PHP Unknown:  Return type of Twig\Node\Node::getIterator() should either be compatible with IteratorAggregate::getIterator(): Traversable, or the #[\ReturnTypeWillChange] attribute should be used to temporarily suppress the notice in C:\xampp\htdocs\opencart1\upload\system\storage\vendor\twig\twig\src\Node\Node.php on line 166
2022-02-17 14:22:07 - PHP Unknown:  hash_hmac(): Passing null to parameter #3 ($key) of type string is deprecated in C:\xampp\htdocs\opencart1\upload\admin\controller\marketplace\marketplace.php on line 111
2022-02-17 14:22:07 - PHP Unknown:  urlencode(): Passing null to parameter #1 ($string) of type string is deprecated in C:\xampp\htdocs\opencart1\upload\admin\controller\marketplace\marketplace.php on line 113
2022-02-17 14:22:10 - PHP Unknown:  Return type of Twig\Node\Node::count() should either be compatible with Countable::count(): int, or the #[\ReturnTypeWillChange] attribute should be used to temporarily suppress the notice in C:\xampp\htdocs\opencart1\upload\system\storage\vendor\twig\twig\src\Node\Node.php on line 161
2022-02-17 14:22:10 - PHP Unknown:  Return type of Twig\Node\Node::getIterator() should either be compatible with IteratorAggregate::getIterator(): Traversable, or the #[\ReturnTypeWillChange] attribute should be used to temporarily suppress the notice in C:\xampp\htdocs\opencart1\upload\system\storage\vendor\twig\twig\src\Node\Node.php on line 166
2022-02-17 14:22:38 - PHP Unknown:  hash_hmac(): Passing null to parameter #3 ($key) of type string is deprecated in C:\xampp\htdocs\opencart1\upload\admin\controller\marketplace\marketplace.php on line 111
2022-02-17 14:22:38 - PHP Unknown:  urlencode(): Passing null to parameter #1 ($string) of type string is deprecated in C:\xampp\htdocs\opencart1\upload\admin\controller\marketplace\marketplace.php on line 113
2022-02-17 14:23:08 - PHP Unknown:  hash_hmac(): Passing null to parameter #3 ($key) of type string is deprecated in C:\xampp\htdocs\opencart1\upload\admin\controller\marketplace\marketplace.php on line 111
2022-02-17 14:23:08 - PHP Unknown:  urlencode(): Passing null to parameter #1 ($string) of type string is deprecated in C:\xampp\htdocs\opencart1\upload\admin\controller\marketplace\marketplace.php on line 113
2022-02-17 14:23:26 - PHP Unknown:  hash_hmac(): Passing null to parameter #3 ($key) of type string is deprecated in C:\xampp\htdocs\opencart1\upload\admin\controller\marketplace\marketplace.php on line 111
2022-02-17 14:23:26 - PHP Unknown:  urlencode(): Passing null to parameter #1 ($string) of type string is deprecated in C:\xampp\htdocs\opencart1\upload\admin\controller\marketplace\marketplace.php on line 113
2022-02-17 14:23:47 - PHP Unknown:  hash_hmac(): Passing null to parameter #3 ($key) of type string is deprecated in C:\xampp\htdocs\opencart1\upload\admin\controller\marketplace\marketplace.php on line 111
2022-02-17 14:23:47 - PHP Unknown:  urlencode(): Passing null to parameter #1 ($string) of type string is deprecated in C:\xampp\htdocs\opencart1\upload\admin\controller\marketplace\marketplace.php on line 113
2022-02-17 14:24:17 - PHP Unknown:  hash_hmac(): Passing null to parameter #3 ($key) of type string is deprecated in C:\xampp\htdocs\opencart1\upload\admin\controller\marketplace\marketplace.php on line 111
2022-02-17 14:24:17 - PHP Unknown:  urlencode(): Passing null to parameter #1 ($string) of type string is deprecated in C:\xampp\htdocs\opencart1\upload\admin\controller\marketplace\marketplace.php on line 113
2022-02-17 14:25:38 - PHP Unknown:  Return type of Twig\Node\Node::count() should either be compatible with Countable::count(): int, or the #[\ReturnTypeWillChange] attribute should be used to temporarily suppress the notice in C:\xampp\htdocs\opencart1\upload\system\storage\vendor\twig\twig\src\Node\Node.php on line 161
2022-02-17 14:25:38 - PHP Unknown:  Return type of Twig\Node\Node::getIterator() should either be compatible with IteratorAggregate::getIterator(): Traversable, or the #[\ReturnTypeWillChange] attribute should be used to temporarily suppress the notice in C:\xampp\htdocs\opencart1\upload\system\storage\vendor\twig\twig\src\Node\Node.php on line 166
2022-02-17 14:25:38 - PHP Unknown:  Return type of Twig\Node\Node::count() should either be compatible with Countable::count(): int, or the #[\ReturnTypeWillChange] attribute should be used to temporarily suppress the notice in C:\xampp\htdocs\opencart1\upload\system\storage\vendor\twig\twig\src\Node\Node.php on line 161
2022-02-17 14:25:38 - PHP Unknown:  Return type of Twig\Node\Node::getIterator() should either be compatible with IteratorAggregate::getIterator(): Traversable, or the #[\ReturnTypeWillChange] attribute should be used to temporarily suppress the notice in C:\xampp\htdocs\opencart1\upload\system\storage\vendor\twig\twig\src\Node\Node.php on line 166
2022-02-17 14:25:50 - PHP Unknown:  Return type of Twig\Node\Node::count() should either be compatible with Countable::count(): int, or the #[\ReturnTypeWillChange] attribute should be used to temporarily suppress the notice in C:\xampp\htdocs\opencart1\upload\system\storage\vendor\twig\twig\src\Node\Node.php on line 161
2022-02-17 14:25:50 - PHP Unknown:  Return type of Twig\Node\Node::getIterator() should either be compatible with IteratorAggregate::getIterator(): Traversable, or the #[\ReturnTypeWillChange] attribute should be used to temporarily suppress the notice in C:\xampp\htdocs\opencart1\upload\system\storage\vendor\twig\twig\src\Node\Node.php on line 166
2022-02-17 14:25:57 - PHP Unknown:  Return type of Twig\Node\Node::count() should either be compatible with Countable::count(): int, or the #[\ReturnTypeWillChange] attribute should be used to temporarily suppress the notice in C:\xampp\htdocs\opencart1\upload\system\storage\vendor\twig\twig\src\Node\Node.php on line 161
2022-02-17 14:25:57 - PHP Unknown:  Return type of Twig\Node\Node::getIterator() should either be compatible with IteratorAggregate::getIterator(): Traversable, or the #[\ReturnTypeWillChange] attribute should be used to temporarily suppress the notice in C:\xampp\htdocs\opencart1\upload\system\storage\vendor\twig\twig\src\Node\Node.php on line 166
2022-02-17 14:26:03 - PHP Unknown:  Optional parameter $product_ids declared before required parameter $store_id is implicitly treated as a required parameter in C:\xampp\htdocs\opencart1\upload\admin\model\extension\advertise\google.php on line 341
2022-02-17 14:26:03 - PHP Unknown:  Optional parameter $data declared before required parameter $store_id is implicitly treated as a required parameter in C:\xampp\htdocs\opencart1\upload\admin\model\extension\advertise\google.php on line 413
2022-02-17 14:26:04 - PHP Unknown:  Return type of Twig\Node\Node::count() should either be compatible with Countable::count(): int, or the #[\ReturnTypeWillChange] attribute should be used to temporarily suppress the notice in C:\xampp\htdocs\opencart1\upload\system\storage\vendor\twig\twig\src\Node\Node.php on line 161
2022-02-17 14:26:04 - PHP Unknown:  Return type of Twig\Node\Node::getIterator() should either be compatible with IteratorAggregate::getIterator(): Traversable, or the #[\ReturnTypeWillChange] attribute should be used to temporarily suppress the notice in C:\xampp\htdocs\opencart1\upload\system\storage\vendor\twig\twig\src\Node\Node.php on line 166
2022-02-17 14:26:31 - PHP Unknown:  Return type of Twig\Node\Node::count() should either be compatible with Countable::count(): int, or the #[\ReturnTypeWillChange] attribute should be used to temporarily suppress the notice in C:\xampp\htdocs\opencart1\upload\system\storage\vendor\twig\twig\src\Node\Node.php on line 161
2022-02-17 14:26:31 - PHP Unknown:  Return type of Twig\Node\Node::getIterator() should either be compatible with IteratorAggregate::getIterator(): Traversable, or the #[\ReturnTypeWillChange] attribute should be used to temporarily suppress the notice in C:\xampp\htdocs\opencart1\upload\system\storage\vendor\twig\twig\src\Node\Node.php on line 166
2022-02-17 14:26:44 - PHP Unknown:  Return type of Twig\Node\Node::count() should either be compatible with Countable::count(): int, or the #[\ReturnTypeWillChange] attribute should be used to temporarily suppress the notice in C:\xampp\htdocs\opencart1\upload\system\storage\vendor\twig\twig\src\Node\Node.php on line 161
2022-02-17 14:26:44 - PHP Unknown:  Return type of Twig\Node\Node::getIterator() should either be compatible with IteratorAggregate::getIterator(): Traversable, or the #[\ReturnTypeWillChange] attribute should be used to temporarily suppress the notice in C:\xampp\htdocs\opencart1\upload\system\storage\vendor\twig\twig\src\Node\Node.php on line 166
2022-02-17 14:28:58 - PHP Unknown:  round(): Passing null to parameter #1 ($num) of type int|float is deprecated in C:\xampp\htdocs\opencart1\upload\admin\controller\extension\dashboard\sale.php on line 116
2022-02-17 14:29:08 - PHP Unknown:  mysqli::real_escape_string(): Passing null to parameter #1 ($string) of type string is deprecated in C:\xampp\htdocs\opencart1\upload\system\library\db\mysqli.php on line 53
2022-02-17 14:29:08 - PHP Unknown:  round(): Passing null to parameter #1 ($num) of type int|float is deprecated in C:\xampp\htdocs\opencart1\upload\catalog\model\catalog\product.php on line 45
2022-02-17 14:29:08 - PHP Unknown:  round(): Passing null to parameter #1 ($num) of type int|float is deprecated in C:\xampp\htdocs\opencart1\upload\catalog\model\catalog\product.php on line 45
2022-02-17 14:29:08 - PHP Unknown:  round(): Passing null to parameter #1 ($num) of type int|float is deprecated in C:\xampp\htdocs\opencart1\upload\catalog\model\catalog\product.php on line 45
2022-02-17 14:29:08 - PHP Unknown:  round(): Passing null to parameter #1 ($num) of type int|float is deprecated in C:\xampp\htdocs\opencart1\upload\catalog\model\catalog\product.php on line 45
2022-02-17 14:29:16 - PHP Unknown:  mysqli::real_escape_string(): Passing null to parameter #1 ($string) of type string is deprecated in C:\xampp\htdocs\opencart1\upload\system\library\db\mysqli.php on line 53
2022-02-17 14:29:16 - PHP Unknown:  round(): Passing null to parameter #1 ($num) of type int|float is deprecated in C:\xampp\htdocs\opencart1\upload\catalog\model\catalog\product.php on line 45
2022-02-17 14:29:16 - PHP Unknown:  round(): Passing null to parameter #1 ($num) of type int|float is deprecated in C:\xampp\htdocs\opencart1\upload\catalog\model\catalog\product.php on line 45
2022-02-17 14:30:07 - PHP Unknown:  mysqli::real_escape_string(): Passing null to parameter #1 ($string) of type string is deprecated in C:\xampp\htdocs\opencart1\upload\system\library\db\mysqli.php on line 53
2022-02-17 14:30:07 - PHP Unknown:  mysqli::real_escape_string(): Passing null to parameter #1 ($string) of type string is deprecated in C:\xampp\htdocs\opencart1\upload\system\library\db\mysqli.php on line 53
2022-02-17 14:30:07 - PHP Unknown:  Return type of Twig\Node\Node::count() should either be compatible with Countable::count(): int, or the #[\ReturnTypeWillChange] attribute should be used to temporarily suppress the notice in C:\xampp\htdocs\opencart1\upload\system\storage\vendor\twig\twig\src\Node\Node.php on line 161
2022-02-17 14:30:07 - PHP Unknown:  Return type of Twig\Node\Node::getIterator() should either be compatible with IteratorAggregate::getIterator(): Traversable, or the #[\ReturnTypeWillChange] attribute should be used to temporarily suppress the notice in C:\xampp\htdocs\opencart1\upload\system\storage\vendor\twig\twig\src\Node\Node.php on line 166
2022-02-17 14:31:02 - PHP Unknown:  mysqli::real_escape_string(): Passing null to parameter #1 ($string) of type string is deprecated in C:\xampp\htdocs\opencart1\upload\system\library\db\mysqli.php on line 53
2022-02-17 14:31:03 - PHP Unknown:  round(): Passing null to parameter #1 ($num) of type int|float is deprecated in C:\xampp\htdocs\opencart1\upload\catalog\model\catalog\product.php on line 45
2022-02-17 14:31:03 - PHP Unknown:  round(): Passing null to parameter #1 ($num) of type int|float is deprecated in C:\xampp\htdocs\opencart1\upload\catalog\model\catalog\product.php on line 45
2022-02-17 14:31:03 - PHP Unknown:  round(): Passing null to parameter #1 ($num) of type int|float is deprecated in C:\xampp\htdocs\opencart1\upload\catalog\model\catalog\product.php on line 45
2022-02-17 14:31:03 - PHP Unknown:  round(): Passing null to parameter #1 ($num) of type int|float is deprecated in C:\xampp\htdocs\opencart1\upload\catalog\model\catalog\product.php on line 45
2022-02-17 14:36:20 - PHP Unknown:  mysqli::real_escape_string(): Passing null to parameter #1 ($string) of type string is deprecated in C:\xampp\htdocs\opencart1\upload\system\library\db\mysqli.php on line 53
2022-02-17 14:36:20 - PHP Unknown:  round(): Passing null to parameter #1 ($num) of type int|float is deprecated in C:\xampp\htdocs\opencart1\upload\catalog\model\catalog\product.php on line 45
2022-02-17 14:36:20 - PHP Unknown:  round(): Passing null to parameter #1 ($num) of type int|float is deprecated in C:\xampp\htdocs\opencart1\upload\catalog\model\catalog\product.php on line 45
2022-02-17 14:36:20 - PHP Unknown:  round(): Passing null to parameter #1 ($num) of type int|float is deprecated in C:\xampp\htdocs\opencart1\upload\catalog\model\catalog\product.php on line 45
2022-02-17 14:36:20 - PHP Unknown:  round(): Passing null to parameter #1 ($num) of type int|float is deprecated in C:\xampp\htdocs\opencart1\upload\catalog\model\catalog\product.php on line 45
2022-02-17 14:36:21 - PHP Unknown:  mysqli::real_escape_string(): Passing null to parameter #1 ($string) of type string is deprecated in C:\xampp\htdocs\opencart1\upload\system\library\db\mysqli.php on line 53
2022-02-17 14:36:22 - PHP Unknown:  round(): Passing null to parameter #1 ($num) of type int|float is deprecated in C:\xampp\htdocs\opencart1\upload\catalog\model\catalog\product.php on line 45
2022-02-17 14:36:22 - PHP Unknown:  round(): Passing null to parameter #1 ($num) of type int|float is deprecated in C:\xampp\htdocs\opencart1\upload\catalog\model\catalog\product.php on line 45
2022-02-17 14:36:22 - PHP Unknown:  round(): Passing null to parameter #1 ($num) of type int|float is deprecated in C:\xampp\htdocs\opencart1\upload\catalog\model\catalog\product.php on line 45
2022-02-17 14:36:22 - PHP Unknown:  round(): Passing null to parameter #1 ($num) of type int|float is deprecated in C:\xampp\htdocs\opencart1\upload\catalog\model\catalog\product.php on line 45
2022-02-17 14:36:22 - PHP Unknown:  mysqli::real_escape_string(): Passing null to parameter #1 ($string) of type string is deprecated in C:\xampp\htdocs\opencart1\upload\system\library\db\mysqli.php on line 53
2022-02-17 14:36:22 - PHP Unknown:  round(): Passing null to parameter #1 ($num) of type int|float is deprecated in C:\xampp\htdocs\opencart1\upload\catalog\model\catalog\product.php on line 45
2022-02-17 14:36:22 - PHP Unknown:  round(): Passing null to parameter #1 ($num) of type int|float is deprecated in C:\xampp\htdocs\opencart1\upload\catalog\model\catalog\product.php on line 45
2022-02-17 14:36:22 - PHP Unknown:  round(): Passing null to parameter #1 ($num) of type int|float is deprecated in C:\xampp\htdocs\opencart1\upload\catalog\model\catalog\product.php on line 45
2022-02-17 14:36:22 - PHP Unknown:  round(): Passing null to parameter #1 ($num) of type int|float is deprecated in C:\xampp\htdocs\opencart1\upload\catalog\model\catalog\product.php on line 45
2022-02-17 14:36:22 - PHP Unknown:  mysqli::real_escape_string(): Passing null to parameter #1 ($string) of type string is deprecated in C:\xampp\htdocs\opencart1\upload\system\library\db\mysqli.php on line 53
2022-02-17 14:36:22 - PHP Unknown:  round(): Passing null to parameter #1 ($num) of type int|float is deprecated in C:\xampp\htdocs\opencart1\upload\catalog\model\catalog\product.php on line 45
2022-02-17 14:36:22 - PHP Unknown:  round(): Passing null to parameter #1 ($num) of type int|float is deprecated in C:\xampp\htdocs\opencart1\upload\catalog\model\catalog\product.php on line 45
2022-02-17 14:36:22 - PHP Unknown:  round(): Passing null to parameter #1 ($num) of type int|float is deprecated in C:\xampp\htdocs\opencart1\upload\catalog\model\catalog\product.php on line 45
2022-02-17 14:36:22 - PHP Unknown:  round(): Passing null to parameter #1 ($num) of type int|float is deprecated in C:\xampp\htdocs\opencart1\upload\catalog\model\catalog\product.php on line 45
2022-02-17 14:36:57 - PHP Unknown:  mysqli::real_escape_string(): Passing null to parameter #1 ($string) of type string is deprecated in C:\xampp\htdocs\opencart1\upload\system\library\db\mysqli.php on line 53
2022-02-17 14:36:57 - PHP Unknown:  round(): Passing null to parameter #1 ($num) of type int|float is deprecated in C:\xampp\htdocs\opencart1\upload\catalog\model\catalog\product.php on line 45
2022-02-17 14:36:57 - PHP Unknown:  round(): Passing null to parameter #1 ($num) of type int|float is deprecated in C:\xampp\htdocs\opencart1\upload\catalog\model\catalog\product.php on line 45
2022-02-17 14:36:57 - PHP Unknown:  round(): Passing null to parameter #1 ($num) of type int|float is deprecated in C:\xampp\htdocs\opencart1\upload\catalog\model\catalog\product.php on line 45
2022-02-17 14:36:57 - PHP Unknown:  round(): Passing null to parameter #1 ($num) of type int|float is deprecated in C:\xampp\htdocs\opencart1\upload\catalog\model\catalog\product.php on line 45
2022-02-17 14:37:58 - PHP Unknown:  mysqli::real_escape_string(): Passing null to parameter #1 ($string) of type string is deprecated in C:\xampp\htdocs\opencart1\upload\system\library\db\mysqli.php on line 53
2022-02-17 14:37:58 - PHP Unknown:  round(): Passing null to parameter #1 ($num) of type int|float is deprecated in C:\xampp\htdocs\opencart1\upload\catalog\model\catalog\product.php on line 45
2022-02-17 14:37:58 - PHP Unknown:  round(): Passing null to parameter #1 ($num) of type int|float is deprecated in C:\xampp\htdocs\opencart1\upload\catalog\model\catalog\product.php on line 45
2022-02-17 14:37:58 - PHP Unknown:  round(): Passing null to parameter #1 ($num) of type int|float is deprecated in C:\xampp\htdocs\opencart1\upload\catalog\model\catalog\product.php on line 45
2022-02-17 14:37:58 - PHP Unknown:  round(): Passing null to parameter #1 ($num) of type int|float is deprecated in C:\xampp\htdocs\opencart1\upload\catalog\model\catalog\product.php on line 45
2022-02-17 14:38:00 - PHP Unknown:  mysqli::real_escape_string(): Passing null to parameter #1 ($string) of type string is deprecated in C:\xampp\htdocs\opencart1\upload\system\library\db\mysqli.php on line 53
2022-02-17 14:38:00 - PHP Unknown:  round(): Passing null to parameter #1 ($num) of type int|float is deprecated in C:\xampp\htdocs\opencart1\upload\catalog\model\catalog\product.php on line 45
2022-02-17 14:38:00 - PHP Unknown:  round(): Passing null to parameter #1 ($num) of type int|float is deprecated in C:\xampp\htdocs\opencart1\upload\catalog\model\catalog\product.php on line 45
2022-02-17 14:38:00 - PHP Unknown:  round(): Passing null to parameter #1 ($num) of type int|float is deprecated in C:\xampp\htdocs\opencart1\upload\catalog\model\catalog\product.php on line 45
2022-02-17 14:38:00 - PHP Unknown:  round(): Passing null to parameter #1 ($num) of type int|float is deprecated in C:\xampp\htdocs\opencart1\upload\catalog\model\catalog\product.php on line 45
2022-02-17 14:38:01 - PHP Unknown:  mysqli::real_escape_string(): Passing null to parameter #1 ($string) of type string is deprecated in C:\xampp\htdocs\opencart1\upload\system\library\db\mysqli.php on line 53
2022-02-17 14:38:01 - PHP Unknown:  round(): Passing null to parameter #1 ($num) of type int|float is deprecated in C:\xampp\htdocs\opencart1\upload\catalog\model\catalog\product.php on line 45
2022-02-17 14:38:01 - PHP Unknown:  round(): Passing null to parameter #1 ($num) of type int|float is deprecated in C:\xampp\htdocs\opencart1\upload\catalog\model\catalog\product.php on line 45
2022-02-17 14:38:01 - PHP Unknown:  round(): Passing null to parameter #1 ($num) of type int|float is deprecated in C:\xampp\htdocs\opencart1\upload\catalog\model\catalog\product.php on line 45
2022-02-17 14:38:01 - PHP Unknown:  round(): Passing null to parameter #1 ($num) of type int|float is deprecated in C:\xampp\htdocs\opencart1\upload\catalog\model\catalog\product.php on line 45
2022-02-17 14:38:40 - PHP Unknown:  mysqli::real_escape_string(): Passing null to parameter #1 ($string) of type string is deprecated in C:\xampp\htdocs\opencart1\upload\system\library\db\mysqli.php on line 53
2022-02-17 14:38:40 - PHP Unknown:  round(): Passing null to parameter #1 ($num) of type int|float is deprecated in C:\xampp\htdocs\opencart1\upload\catalog\model\catalog\product.php on line 45
2022-02-17 14:38:40 - PHP Unknown:  round(): Passing null to parameter #1 ($num) of type int|float is deprecated in C:\xampp\htdocs\opencart1\upload\catalog\model\catalog\product.php on line 45
2022-02-17 14:38:40 - PHP Unknown:  round(): Passing null to parameter #1 ($num) of type int|float is deprecated in C:\xampp\htdocs\opencart1\upload\catalog\model\catalog\product.php on line 45
2022-02-17 14:38:40 - PHP Unknown:  round(): Passing null to parameter #1 ($num) of type int|float is deprecated in C:\xampp\htdocs\opencart1\upload\catalog\model\catalog\product.php on line 45
2022-02-17 14:39:44 - PHP Unknown:  mysqli::real_escape_string(): Passing null to parameter #1 ($string) of type string is deprecated in C:\xampp\htdocs\opencart1\upload\system\library\db\mysqli.php on line 53
2022-02-17 14:39:44 - PHP Unknown:  Automatic conversion of false to array is deprecated in C:\xampp\htdocs\opencart1\upload\catalog\controller\startup\startup.php on line 103
2022-02-17 14:39:44 - PHP Unknown:  round(): Passing null to parameter #1 ($num) of type int|float is deprecated in C:\xampp\htdocs\opencart1\upload\catalog\model\catalog\product.php on line 45
2022-02-17 14:39:44 - PHP Unknown:  round(): Passing null to parameter #1 ($num) of type int|float is deprecated in C:\xampp\htdocs\opencart1\upload\catalog\model\catalog\product.php on line 45
2022-02-17 14:39:44 - PHP Unknown:  round(): Passing null to parameter #1 ($num) of type int|float is deprecated in C:\xampp\htdocs\opencart1\upload\catalog\model\catalog\product.php on line 45
2022-02-17 14:39:44 - PHP Unknown:  round(): Passing null to parameter #1 ($num) of type int|float is deprecated in C:\xampp\htdocs\opencart1\upload\catalog\model\catalog\product.php on line 45
2022-02-17 14:40:41 - PHP Unknown:  mysqli::real_escape_string(): Passing null to parameter #1 ($string) of type string is deprecated in C:\xampp\htdocs\opencart1\upload\system\library\db\mysqli.php on line 53
2022-02-17 14:40:41 - PHP Unknown:  round(): Passing null to parameter #1 ($num) of type int|float is deprecated in C:\xampp\htdocs\opencart1\upload\catalog\model\catalog\product.php on line 45
2022-02-17 14:40:41 - PHP Unknown:  round(): Passing null to parameter #1 ($num) of type int|float is deprecated in C:\xampp\htdocs\opencart1\upload\catalog\model\catalog\product.php on line 45
2022-02-17 14:40:41 - PHP Unknown:  round(): Passing null to parameter #1 ($num) of type int|float is deprecated in C:\xampp\htdocs\opencart1\upload\catalog\model\catalog\product.php on line 45
2022-02-17 14:40:41 - PHP Unknown:  round(): Passing null to parameter #1 ($num) of type int|float is deprecated in C:\xampp\htdocs\opencart1\upload\catalog\model\catalog\product.php on line 45
2022-02-17 14:41:19 - PHP Unknown:  mysqli::real_escape_string(): Passing null to parameter #1 ($string) of type string is deprecated in C:\xampp\htdocs\opencart1\upload\system\library\db\mysqli.php on line 53
2022-02-17 14:41:19 - PHP Unknown:  round(): Passing null to parameter #1 ($num) of type int|float is deprecated in C:\xampp\htdocs\opencart1\upload\catalog\model\catalog\product.php on line 45
2022-02-17 14:41:19 - PHP Unknown:  round(): Passing null to parameter #1 ($num) of type int|float is deprecated in C:\xampp\htdocs\opencart1\upload\catalog\model\catalog\product.php on line 45
2022-02-17 14:41:19 - PHP Unknown:  round(): Passing null to parameter #1 ($num) of type int|float is deprecated in C:\xampp\htdocs\opencart1\upload\catalog\model\catalog\product.php on line 45
2022-02-17 14:41:19 - PHP Unknown:  round(): Passing null to parameter #1 ($num) of type int|float is deprecated in C:\xampp\htdocs\opencart1\upload\catalog\model\catalog\product.php on line 45
2022-02-17 14:41:33 - PHP Unknown:  mysqli::real_escape_string(): Passing null to parameter #1 ($string) of type string is deprecated in C:\xampp\htdocs\opencart1\upload\system\library\db\mysqli.php on line 53
2022-02-17 14:41:33 - PHP Unknown:  round(): Passing null to parameter #1 ($num) of type int|float is deprecated in C:\xampp\htdocs\opencart1\upload\catalog\model\catalog\product.php on line 45
2022-02-17 14:41:33 - PHP Unknown:  round(): Passing null to parameter #1 ($num) of type int|float is deprecated in C:\xampp\htdocs\opencart1\upload\catalog\model\catalog\product.php on line 45
2022-02-17 14:41:33 - PHP Unknown:  round(): Passing null to parameter #1 ($num) of type int|float is deprecated in C:\xampp\htdocs\opencart1\upload\catalog\model\catalog\product.php on line 45
2022-02-17 14:41:33 - PHP Unknown:  round(): Passing null to parameter #1 ($num) of type int|float is deprecated in C:\xampp\htdocs\opencart1\upload\catalog\model\catalog\product.php on line 45
2022-02-17 14:41:35 - PHP Unknown:  mysqli::real_escape_string(): Passing null to parameter #1 ($string) of type string is deprecated in C:\xampp\htdocs\opencart1\upload\system\library\db\mysqli.php on line 53
2022-02-17 14:41:35 - PHP Unknown:  round(): Passing null to parameter #1 ($num) of type int|float is deprecated in C:\xampp\htdocs\opencart1\upload\catalog\model\catalog\product.php on line 45
2022-02-17 14:41:35 - PHP Unknown:  round(): Passing null to parameter #1 ($num) of type int|float is deprecated in C:\xampp\htdocs\opencart1\upload\catalog\model\catalog\product.php on line 45
2022-02-17 14:41:35 - PHP Unknown:  round(): Passing null to parameter #1 ($num) of type int|float is deprecated in C:\xampp\htdocs\opencart1\upload\catalog\model\catalog\product.php on line 45
2022-02-17 14:41:35 - PHP Unknown:  round(): Passing null to parameter #1 ($num) of type int|float is deprecated in C:\xampp\htdocs\opencart1\upload\catalog\model\catalog\product.php on line 45
2022-02-17 14:41:36 - PHP Unknown:  mysqli::real_escape_string(): Passing null to parameter #1 ($string) of type string is deprecated in C:\xampp\htdocs\opencart1\upload\system\library\db\mysqli.php on line 53
2022-02-17 14:41:36 - PHP Unknown:  round(): Passing null to parameter #1 ($num) of type int|float is deprecated in C:\xampp\htdocs\opencart1\upload\catalog\model\catalog\product.php on line 45
2022-02-17 14:41:36 - PHP Unknown:  round(): Passing null to parameter #1 ($num) of type int|float is deprecated in C:\xampp\htdocs\opencart1\upload\catalog\model\catalog\product.php on line 45
2022-02-17 14:41:36 - PHP Unknown:  round(): Passing null to parameter #1 ($num) of type int|float is deprecated in C:\xampp\htdocs\opencart1\upload\catalog\model\catalog\product.php on line 45
2022-02-17 14:41:36 - PHP Unknown:  round(): Passing null to parameter #1 ($num) of type int|float is deprecated in C:\xampp\htdocs\opencart1\upload\catalog\model\catalog\product.php on line 45
2022-02-17 14:41:57 - PHP Unknown:  mysqli::real_escape_string(): Passing null to parameter #1 ($string) of type string is deprecated in C:\xampp\htdocs\opencart1\upload\system\library\db\mysqli.php on line 53
2022-02-17 14:41:57 - PHP Unknown:  round(): Passing null to parameter #1 ($num) of type int|float is deprecated in C:\xampp\htdocs\opencart1\upload\catalog\model\catalog\product.php on line 45
2022-02-17 14:41:57 - PHP Unknown:  round(): Passing null to parameter #1 ($num) of type int|float is deprecated in C:\xampp\htdocs\opencart1\upload\catalog\model\catalog\product.php on line 45
2022-02-17 14:41:57 - PHP Unknown:  round(): Passing null to parameter #1 ($num) of type int|float is deprecated in C:\xampp\htdocs\opencart1\upload\catalog\model\catalog\product.php on line 45
2022-02-17 14:41:57 - PHP Unknown:  round(): Passing null to parameter #1 ($num) of type int|float is deprecated in C:\xampp\htdocs\opencart1\upload\catalog\model\catalog\product.php on line 45
2022-02-17 14:42:46 - PHP Unknown:  mysqli::real_escape_string(): Passing null to parameter #1 ($string) of type string is deprecated in C:\xampp\htdocs\opencart1\upload\system\library\db\mysqli.php on line 53
2022-02-17 14:42:46 - PHP Unknown:  round(): Passing null to parameter #1 ($num) of type int|float is deprecated in C:\xampp\htdocs\opencart1\upload\catalog\model\catalog\product.php on line 45
2022-02-17 14:42:46 - PHP Unknown:  round(): Passing null to parameter #1 ($num) of type int|float is deprecated in C:\xampp\htdocs\opencart1\upload\catalog\model\catalog\product.php on line 45
2022-02-17 14:42:46 - PHP Unknown:  round(): Passing null to parameter #1 ($num) of type int|float is deprecated in C:\xampp\htdocs\opencart1\upload\catalog\model\catalog\product.php on line 45
2022-02-17 14:42:46 - PHP Unknown:  round(): Passing null to parameter #1 ($num) of type int|float is deprecated in C:\xampp\htdocs\opencart1\upload\catalog\model\catalog\product.php on line 45
2022-02-17 14:43:17 - PHP Unknown:  mysqli::real_escape_string(): Passing null to parameter #1 ($string) of type string is deprecated in C:\xampp\htdocs\opencart1\upload\system\library\db\mysqli.php on line 53
2022-02-17 14:43:17 - PHP Unknown:  round(): Passing null to parameter #1 ($num) of type int|float is deprecated in C:\xampp\htdocs\opencart1\upload\catalog\model\catalog\product.php on line 45
2022-02-17 14:43:17 - PHP Unknown:  round(): Passing null to parameter #1 ($num) of type int|float is deprecated in C:\xampp\htdocs\opencart1\upload\catalog\model\catalog\product.php on line 45
2022-02-17 14:43:17 - PHP Unknown:  round(): Passing null to parameter #1 ($num) of type int|float is deprecated in C:\xampp\htdocs\opencart1\upload\catalog\model\catalog\product.php on line 45
2022-02-17 14:43:17 - PHP Unknown:  round(): Passing null to parameter #1 ($num) of type int|float is deprecated in C:\xampp\htdocs\opencart1\upload\catalog\model\catalog\product.php on line 45
2022-02-17 14:43:18 - PHP Unknown:  mysqli::real_escape_string(): Passing null to parameter #1 ($string) of type string is deprecated in C:\xampp\htdocs\opencart1\upload\system\library\db\mysqli.php on line 53
2022-02-17 14:43:18 - PHP Unknown:  round(): Passing null to parameter #1 ($num) of type int|float is deprecated in C:\xampp\htdocs\opencart1\upload\catalog\model\catalog\product.php on line 45
2022-02-17 14:43:18 - PHP Unknown:  round(): Passing null to parameter #1 ($num) of type int|float is deprecated in C:\xampp\htdocs\opencart1\upload\catalog\model\catalog\product.php on line 45
2022-02-17 14:43:18 - PHP Unknown:  round(): Passing null to parameter #1 ($num) of type int|float is deprecated in C:\xampp\htdocs\opencart1\upload\catalog\model\catalog\product.php on line 45
2022-02-17 14:43:18 - PHP Unknown:  round(): Passing null to parameter #1 ($num) of type int|float is deprecated in C:\xampp\htdocs\opencart1\upload\catalog\model\catalog\product.php on line 45
2022-02-17 14:43:25 - PHP Unknown:  mysqli::real_escape_string(): Passing null to parameter #1 ($string) of type string is deprecated in C:\xampp\htdocs\opencart1\upload\system\library\db\mysqli.php on line 53
2022-02-17 14:43:25 - PHP Unknown:  Return type of Twig\Node\Node::count() should either be compatible with Countable::count(): int, or the #[\ReturnTypeWillChange] attribute should be used to temporarily suppress the notice in C:\xampp\htdocs\opencart1\upload\system\storage\vendor\twig\twig\src\Node\Node.php on line 161
2022-02-17 14:43:25 - PHP Unknown:  Return type of Twig\Node\Node::getIterator() should either be compatible with IteratorAggregate::getIterator(): Traversable, or the #[\ReturnTypeWillChange] attribute should be used to temporarily suppress the notice in C:\xampp\htdocs\opencart1\upload\system\storage\vendor\twig\twig\src\Node\Node.php on line 166
2022-02-17 14:43:28 - PHP Unknown:  mysqli::real_escape_string(): Passing null to parameter #1 ($string) of type string is deprecated in C:\xampp\htdocs\opencart1\upload\system\library\db\mysqli.php on line 53
2022-02-17 14:43:56 - PHP Unknown:  mysqli::real_escape_string(): Passing null to parameter #1 ($string) of type string is deprecated in C:\xampp\htdocs\opencart1\upload\system\library\db\mysqli.php on line 53
2022-02-17 14:43:56 - PHP Unknown:  round(): Passing null to parameter #1 ($num) of type int|float is deprecated in C:\xampp\htdocs\opencart1\upload\catalog\model\catalog\product.php on line 45
2022-02-17 14:43:56 - PHP Unknown:  round(): Passing null to parameter #1 ($num) of type int|float is deprecated in C:\xampp\htdocs\opencart1\upload\catalog\model\catalog\product.php on line 45
2022-02-17 14:43:56 - PHP Unknown:  round(): Passing null to parameter #1 ($num) of type int|float is deprecated in C:\xampp\htdocs\opencart1\upload\catalog\model\catalog\product.php on line 45
2022-02-17 14:43:56 - PHP Unknown:  round(): Passing null to parameter #1 ($num) of type int|float is deprecated in C:\xampp\htdocs\opencart1\upload\catalog\model\catalog\product.php on line 45
2022-02-17 14:44:52 - PHP Unknown:  mysqli::real_escape_string(): Passing null to parameter #1 ($string) of type string is deprecated in C:\xampp\htdocs\opencart1\upload\system\library\db\mysqli.php on line 53
2022-02-17 14:44:52 - PHP Unknown:  round(): Passing null to parameter #1 ($num) of type int|float is deprecated in C:\xampp\htdocs\opencart1\upload\catalog\model\catalog\product.php on line 45
2022-02-17 14:44:52 - PHP Unknown:  round(): Passing null to parameter #1 ($num) of type int|float is deprecated in C:\xampp\htdocs\opencart1\upload\catalog\model\catalog\product.php on line 45
2022-02-17 14:44:52 - PHP Unknown:  round(): Passing null to parameter #1 ($num) of type int|float is deprecated in C:\xampp\htdocs\opencart1\upload\catalog\model\catalog\product.php on line 45
2022-02-17 14:44:52 - PHP Unknown:  round(): Passing null to parameter #1 ($num) of type int|float is deprecated in C:\xampp\htdocs\opencart1\upload\catalog\model\catalog\product.php on line 45
2022-02-17 14:44:56 - PHP Unknown:  mysqli::real_escape_string(): Passing null to parameter #1 ($string) of type string is deprecated in C:\xampp\htdocs\opencart1\upload\system\library\db\mysqli.php on line 53
2022-02-17 14:44:56 - PHP Unknown:  round(): Passing null to parameter #1 ($num) of type int|float is deprecated in C:\xampp\htdocs\opencart1\upload\catalog\model\catalog\product.php on line 45
2022-02-17 14:44:56 - PHP Unknown:  round(): Passing null to parameter #1 ($num) of type int|float is deprecated in C:\xampp\htdocs\opencart1\upload\catalog\model\catalog\product.php on line 45
2022-02-17 14:44:56 - PHP Unknown:  round(): Passing null to parameter #1 ($num) of type int|float is deprecated in C:\xampp\htdocs\opencart1\upload\catalog\model\catalog\product.php on line 45
2022-02-17 14:44:56 - PHP Unknown:  round(): Passing null to parameter #1 ($num) of type int|float is deprecated in C:\xampp\htdocs\opencart1\upload\catalog\model\catalog\product.php on line 45
2022-02-17 14:45:17 - PHP Unknown:  mysqli::real_escape_string(): Passing null to parameter #1 ($string) of type string is deprecated in C:\xampp\htdocs\opencart1\upload\system\library\db\mysqli.php on line 53
2022-02-17 14:45:17 - PHP Unknown:  Automatic conversion of false to array is deprecated in C:\xampp\htdocs\opencart1\upload\catalog\controller\startup\startup.php on line 103
2022-02-17 14:45:18 - PHP Unknown:  round(): Passing null to parameter #1 ($num) of type int|float is deprecated in C:\xampp\htdocs\opencart1\upload\catalog\model\catalog\product.php on line 45
2022-02-17 14:45:18 - PHP Unknown:  round(): Passing null to parameter #1 ($num) of type int|float is deprecated in C:\xampp\htdocs\opencart1\upload\catalog\model\catalog\product.php on line 45
2022-02-17 14:45:18 - PHP Unknown:  round(): Passing null to parameter #1 ($num) of type int|float is deprecated in C:\xampp\htdocs\opencart1\upload\catalog\model\catalog\product.php on line 45
2022-02-17 14:45:18 - PHP Unknown:  round(): Passing null to parameter #1 ($num) of type int|float is deprecated in C:\xampp\htdocs\opencart1\upload\catalog\model\catalog\product.php on line 45
2022-02-17 14:45:31 - PHP Unknown:  mysqli::real_escape_string(): Passing null to parameter #1 ($string) of type string is deprecated in C:\xampp\htdocs\opencart1\upload\system\library\db\mysqli.php on line 53
2022-02-17 14:45:31 - PHP Unknown:  round(): Passing null to parameter #1 ($num) of type int|float is deprecated in C:\xampp\htdocs\opencart1\upload\catalog\model\catalog\product.php on line 45
2022-02-17 14:45:31 - PHP Unknown:  round(): Passing null to parameter #1 ($num) of type int|float is deprecated in C:\xampp\htdocs\opencart1\upload\catalog\model\catalog\product.php on line 45
2022-02-17 14:45:31 - PHP Unknown:  round(): Passing null to parameter #1 ($num) of type int|float is deprecated in C:\xampp\htdocs\opencart1\upload\catalog\model\catalog\product.php on line 45
2022-02-17 14:45:36 - PHP Unknown:  mysqli::real_escape_string(): Passing null to parameter #1 ($string) of type string is deprecated in C:\xampp\htdocs\opencart1\upload\system\library\db\mysqli.php on line 53
2022-02-17 14:45:36 - PHP Unknown:  round(): Passing null to parameter #1 ($num) of type int|float is deprecated in C:\xampp\htdocs\opencart1\upload\catalog\model\catalog\product.php on line 45
2022-02-17 14:45:36 - PHP Unknown:  round(): Passing null to parameter #1 ($num) of type int|float is deprecated in C:\xampp\htdocs\opencart1\upload\catalog\model\catalog\product.php on line 45
2022-02-17 14:45:36 - PHP Unknown:  round(): Passing null to parameter #1 ($num) of type int|float is deprecated in C:\xampp\htdocs\opencart1\upload\catalog\model\catalog\product.php on line 45
2022-02-17 14:45:36 - PHP Unknown:  round(): Passing null to parameter #1 ($num) of type int|float is deprecated in C:\xampp\htdocs\opencart1\upload\catalog\model\catalog\product.php on line 45
2022-02-17 14:46:19 - PHP Unknown:  mysqli::real_escape_string(): Passing null to parameter #1 ($string) of type string is deprecated in C:\xampp\htdocs\opencart1\upload\system\library\db\mysqli.php on line 53
2022-02-17 14:46:20 - PHP Unknown:  round(): Passing null to parameter #1 ($num) of type int|float is deprecated in C:\xampp\htdocs\opencart1\upload\catalog\model\catalog\product.php on line 45
2022-02-17 14:46:20 - PHP Unknown:  round(): Passing null to parameter #1 ($num) of type int|float is deprecated in C:\xampp\htdocs\opencart1\upload\catalog\model\catalog\product.php on line 45
2022-02-17 14:46:20 - PHP Unknown:  round(): Passing null to parameter #1 ($num) of type int|float is deprecated in C:\xampp\htdocs\opencart1\upload\catalog\model\catalog\product.php on line 45
2022-02-17 14:46:20 - PHP Unknown:  round(): Passing null to parameter #1 ($num) of type int|float is deprecated in C:\xampp\htdocs\opencart1\upload\catalog\model\catalog\product.php on line 45
2022-02-17 14:46:21 - PHP Unknown:  mysqli::real_escape_string(): Passing null to parameter #1 ($string) of type string is deprecated in C:\xampp\htdocs\opencart1\upload\system\library\db\mysqli.php on line 53
2022-02-17 14:46:21 - PHP Unknown:  round(): Passing null to parameter #1 ($num) of type int|float is deprecated in C:\xampp\htdocs\opencart1\upload\catalog\model\catalog\product.php on line 45
2022-02-17 14:46:21 - PHP Unknown:  round(): Passing null to parameter #1 ($num) of type int|float is deprecated in C:\xampp\htdocs\opencart1\upload\catalog\model\catalog\product.php on line 45
2022-02-17 14:46:21 - PHP Unknown:  round(): Passing null to parameter #1 ($num) of type int|float is deprecated in C:\xampp\htdocs\opencart1\upload\catalog\model\catalog\product.php on line 45
2022-02-17 14:46:21 - PHP Unknown:  round(): Passing null to parameter #1 ($num) of type int|float is deprecated in C:\xampp\htdocs\opencart1\upload\catalog\model\catalog\product.php on line 45
2022-02-17 14:46:24 - PHP Unknown:  mysqli::real_escape_string(): Passing null to parameter #1 ($string) of type string is deprecated in C:\xampp\htdocs\opencart1\upload\system\library\db\mysqli.php on line 53
2022-02-17 14:46:24 - PHP Unknown:  round(): Passing null to parameter #1 ($num) of type int|float is deprecated in C:\xampp\htdocs\opencart1\upload\catalog\model\catalog\product.php on line 45
2022-02-17 14:46:24 - PHP Unknown:  round(): Passing null to parameter #1 ($num) of type int|float is deprecated in C:\xampp\htdocs\opencart1\upload\catalog\model\catalog\product.php on line 45
2022-02-17 14:48:05 - PHP Unknown:  mysqli::real_escape_string(): Passing null to parameter #1 ($string) of type string is deprecated in C:\xampp\htdocs\opencart1\upload\system\library\db\mysqli.php on line 53
2022-02-17 14:48:05 - PHP Unknown:  round(): Passing null to parameter #1 ($num) of type int|float is deprecated in C:\xampp\htdocs\opencart1\upload\catalog\model\catalog\product.php on line 45
2022-02-17 14:48:05 - PHP Unknown:  round(): Passing null to parameter #1 ($num) of type int|float is deprecated in C:\xampp\htdocs\opencart1\upload\catalog\model\catalog\product.php on line 45
2022-02-17 14:48:05 - PHP Unknown:  round(): Passing null to parameter #1 ($num) of type int|float is deprecated in C:\xampp\htdocs\opencart1\upload\catalog\model\catalog\product.php on line 45
2022-02-17 14:48:05 - PHP Unknown:  round(): Passing null to parameter #1 ($num) of type int|float is deprecated in C:\xampp\htdocs\opencart1\upload\catalog\model\catalog\product.php on line 45
2022-02-17 14:48:06 - PHP Unknown:  mysqli::real_escape_string(): Passing null to parameter #1 ($string) of type string is deprecated in C:\xampp\htdocs\opencart1\upload\system\library\db\mysqli.php on line 53
2022-02-17 14:48:06 - PHP Unknown:  round(): Passing null to parameter #1 ($num) of type int|float is deprecated in C:\xampp\htdocs\opencart1\upload\catalog\model\catalog\product.php on line 45
2022-02-17 14:48:06 - PHP Unknown:  round(): Passing null to parameter #1 ($num) of type int|float is deprecated in C:\xampp\htdocs\opencart1\upload\catalog\model\catalog\product.php on line 45
2022-02-17 14:48:06 - PHP Unknown:  round(): Passing null to parameter #1 ($num) of type int|float is deprecated in C:\xampp\htdocs\opencart1\upload\catalog\model\catalog\product.php on line 45
2022-02-17 14:48:06 - PHP Unknown:  round(): Passing null to parameter #1 ($num) of type int|float is deprecated in C:\xampp\htdocs\opencart1\upload\catalog\model\catalog\product.php on line 45
2022-02-17 14:50:43 - PHP Unknown:  mysqli::real_escape_string(): Passing null to parameter #1 ($string) of type string is deprecated in C:\xampp\htdocs\opencart1\upload\system\library\db\mysqli.php on line 53
2022-02-17 14:50:43 - PHP Unknown:  Automatic conversion of false to array is deprecated in C:\xampp\htdocs\opencart1\upload\catalog\controller\startup\startup.php on line 103
2022-02-17 14:50:43 - PHP Unknown:  round(): Passing null to parameter #1 ($num) of type int|float is deprecated in C:\xampp\htdocs\opencart1\upload\catalog\model\catalog\product.php on line 45
2022-02-17 14:50:43 - PHP Unknown:  round(): Passing null to parameter #1 ($num) of type int|float is deprecated in C:\xampp\htdocs\opencart1\upload\catalog\model\catalog\product.php on line 45
2022-02-17 14:50:43 - PHP Unknown:  round(): Passing null to parameter #1 ($num) of type int|float is deprecated in C:\xampp\htdocs\opencart1\upload\catalog\model\catalog\product.php on line 45
2022-02-17 14:50:43 - PHP Unknown:  round(): Passing null to parameter #1 ($num) of type int|float is deprecated in C:\xampp\htdocs\opencart1\upload\catalog\model\catalog\product.php on line 45
2022-02-17 14:51:25 - PHP Unknown:  mysqli::real_escape_string(): Passing null to parameter #1 ($string) of type string is deprecated in C:\xampp\htdocs\opencart1\upload\system\library\db\mysqli.php on line 53
2022-02-17 14:51:25 - PHP Unknown:  round(): Passing null to parameter #1 ($num) of type int|float is deprecated in C:\xampp\htdocs\opencart1\upload\catalog\model\catalog\product.php on line 45
2022-02-17 14:51:25 - PHP Unknown:  round(): Passing null to parameter #1 ($num) of type int|float is deprecated in C:\xampp\htdocs\opencart1\upload\catalog\model\catalog\product.php on line 45
2022-02-17 14:51:25 - PHP Unknown:  round(): Passing null to parameter #1 ($num) of type int|float is deprecated in C:\xampp\htdocs\opencart1\upload\catalog\model\catalog\product.php on line 45
2022-02-17 14:51:25 - PHP Unknown:  round(): Passing null to parameter #1 ($num) of type int|float is deprecated in C:\xampp\htdocs\opencart1\upload\catalog\model\catalog\product.php on line 45
2022-02-17 14:51:31 - PHP Unknown:  mysqli::real_escape_string(): Passing null to parameter #1 ($string) of type string is deprecated in C:\xampp\htdocs\opencart1\upload\system\library\db\mysqli.php on line 53
2022-02-17 14:51:32 - PHP Unknown:  round(): Passing null to parameter #1 ($num) of type int|float is deprecated in C:\xampp\htdocs\opencart1\upload\catalog\model\catalog\product.php on line 45
2022-02-17 14:51:32 - PHP Unknown:  round(): Passing null to parameter #1 ($num) of type int|float is deprecated in C:\xampp\htdocs\opencart1\upload\catalog\model\catalog\product.php on line 45
2022-02-17 14:51:32 - PHP Unknown:  round(): Passing null to parameter #1 ($num) of type int|float is deprecated in C:\xampp\htdocs\opencart1\upload\catalog\model\catalog\product.php on line 45
2022-02-17 14:51:32 - PHP Unknown:  round(): Passing null to parameter #1 ($num) of type int|float is deprecated in C:\xampp\htdocs\opencart1\upload\catalog\model\catalog\product.php on line 45
2022-02-17 14:52:05 - PHP Unknown:  mysqli::real_escape_string(): Passing null to parameter #1 ($string) of type string is deprecated in C:\xampp\htdocs\opencart1\upload\system\library\db\mysqli.php on line 53
2022-02-17 14:52:05 - PHP Unknown:  round(): Passing null to parameter #1 ($num) of type int|float is deprecated in C:\xampp\htdocs\opencart1\upload\catalog\model\catalog\product.php on line 45
2022-02-17 14:52:05 - PHP Unknown:  round(): Passing null to parameter #1 ($num) of type int|float is deprecated in C:\xampp\htdocs\opencart1\upload\catalog\model\catalog\product.php on line 45
2022-02-17 14:52:05 - PHP Unknown:  round(): Passing null to parameter #1 ($num) of type int|float is deprecated in C:\xampp\htdocs\opencart1\upload\catalog\model\catalog\product.php on line 45
2022-02-17 14:52:05 - PHP Unknown:  round(): Passing null to parameter #1 ($num) of type int|float is deprecated in C:\xampp\htdocs\opencart1\upload\catalog\model\catalog\product.php on line 45
2022-02-17 14:52:22 - PHP Unknown:  mysqli::real_escape_string(): Passing null to parameter #1 ($string) of type string is deprecated in C:\xampp\htdocs\opencart1\upload\system\library\db\mysqli.php on line 53
2022-02-17 14:52:22 - PHP Unknown:  round(): Passing null to parameter #1 ($num) of type int|float is deprecated in C:\xampp\htdocs\opencart1\upload\catalog\model\catalog\product.php on line 45
2022-02-17 14:52:22 - PHP Unknown:  round(): Passing null to parameter #1 ($num) of type int|float is deprecated in C:\xampp\htdocs\opencart1\upload\catalog\model\catalog\product.php on line 45
2022-02-17 14:52:22 - PHP Unknown:  round(): Passing null to parameter #1 ($num) of type int|float is deprecated in C:\xampp\htdocs\opencart1\upload\catalog\model\catalog\product.php on line 45
2022-02-17 14:52:22 - PHP Unknown:  round(): Passing null to parameter #1 ($num) of type int|float is deprecated in C:\xampp\htdocs\opencart1\upload\catalog\model\catalog\product.php on line 45
2022-02-17 14:53:57 - PHP Unknown:  mysqli::real_escape_string(): Passing null to parameter #1 ($string) of type string is deprecated in C:\xampp\htdocs\opencart1\upload\system\library\db\mysqli.php on line 53
2022-02-17 14:53:57 - PHP Unknown:  round(): Passing null to parameter #1 ($num) of type int|float is deprecated in C:\xampp\htdocs\opencart1\upload\catalog\model\catalog\product.php on line 45
2022-02-17 14:53:57 - PHP Unknown:  round(): Passing null to parameter #1 ($num) of type int|float is deprecated in C:\xampp\htdocs\opencart1\upload\catalog\model\catalog\product.php on line 45
2022-02-17 14:53:57 - PHP Unknown:  round(): Passing null to parameter #1 ($num) of type int|float is deprecated in C:\xampp\htdocs\opencart1\upload\catalog\model\catalog\product.php on line 45
2022-02-17 14:53:57 - PHP Unknown:  round(): Passing null to parameter #1 ($num) of type int|float is deprecated in C:\xampp\htdocs\opencart1\upload\catalog\model\catalog\product.php on line 45
2022-02-17 14:53:58 - PHP Unknown:  mysqli::real_escape_string(): Passing null to parameter #1 ($string) of type string is deprecated in C:\xampp\htdocs\opencart1\upload\system\library\db\mysqli.php on line 53
2022-02-17 14:53:58 - PHP Unknown:  round(): Passing null to parameter #1 ($num) of type int|float is deprecated in C:\xampp\htdocs\opencart1\upload\catalog\model\catalog\product.php on line 45
2022-02-17 14:53:58 - PHP Unknown:  round(): Passing null to parameter #1 ($num) of type int|float is deprecated in C:\xampp\htdocs\opencart1\upload\catalog\model\catalog\product.php on line 45
2022-02-17 14:53:58 - PHP Unknown:  round(): Passing null to parameter #1 ($num) of type int|float is deprecated in C:\xampp\htdocs\opencart1\upload\catalog\model\catalog\product.php on line 45
2022-02-17 14:53:58 - PHP Unknown:  round(): Passing null to parameter #1 ($num) of type int|float is deprecated in C:\xampp\htdocs\opencart1\upload\catalog\model\catalog\product.php on line 45
2022-02-17 14:54:19 - PHP Unknown:  mysqli::real_escape_string(): Passing null to parameter #1 ($string) of type string is deprecated in C:\xampp\htdocs\opencart1\upload\system\library\db\mysqli.php on line 53
2022-02-17 14:54:19 - PHP Unknown:  round(): Passing null to parameter #1 ($num) of type int|float is deprecated in C:\xampp\htdocs\opencart1\upload\catalog\model\catalog\product.php on line 45
2022-02-17 14:54:19 - PHP Unknown:  round(): Passing null to parameter #1 ($num) of type int|float is deprecated in C:\xampp\htdocs\opencart1\upload\catalog\model\catalog\product.php on line 45
2022-02-17 14:54:19 - PHP Unknown:  round(): Passing null to parameter #1 ($num) of type int|float is deprecated in C:\xampp\htdocs\opencart1\upload\catalog\model\catalog\product.php on line 45
2022-02-17 14:54:19 - PHP Unknown:  round(): Passing null to parameter #1 ($num) of type int|float is deprecated in C:\xampp\htdocs\opencart1\upload\catalog\model\catalog\product.php on line 45
2022-02-17 14:54:55 - PHP Unknown:  mysqli::real_escape_string(): Passing null to parameter #1 ($string) of type string is deprecated in C:\xampp\htdocs\opencart1\upload\system\library\db\mysqli.php on line 53
2022-02-17 14:54:55 - PHP Unknown:  round(): Passing null to parameter #1 ($num) of type int|float is deprecated in C:\xampp\htdocs\opencart1\upload\catalog\model\catalog\product.php on line 45
2022-02-17 14:54:55 - PHP Unknown:  round(): Passing null to parameter #1 ($num) of type int|float is deprecated in C:\xampp\htdocs\opencart1\upload\catalog\model\catalog\product.php on line 45
2022-02-17 14:54:55 - PHP Unknown:  round(): Passing null to parameter #1 ($num) of type int|float is deprecated in C:\xampp\htdocs\opencart1\upload\catalog\model\catalog\product.php on line 45
2022-02-17 14:54:55 - PHP Unknown:  round(): Passing null to parameter #1 ($num) of type int|float is deprecated in C:\xampp\htdocs\opencart1\upload\catalog\model\catalog\product.php on line 45
2022-02-17 14:55:44 - PHP Unknown:  mysqli::real_escape_string(): Passing null to parameter #1 ($string) of type string is deprecated in C:\xampp\htdocs\opencart1\upload\system\library\db\mysqli.php on line 53
2022-02-17 14:55:45 - PHP Unknown:  round(): Passing null to parameter #1 ($num) of type int|float is deprecated in C:\xampp\htdocs\opencart1\upload\catalog\model\catalog\product.php on line 45
2022-02-17 14:55:45 - PHP Unknown:  round(): Passing null to parameter #1 ($num) of type int|float is deprecated in C:\xampp\htdocs\opencart1\upload\catalog\model\catalog\product.php on line 45
2022-02-17 14:55:45 - PHP Unknown:  round(): Passing null to parameter #1 ($num) of type int|float is deprecated in C:\xampp\htdocs\opencart1\upload\catalog\model\catalog\product.php on line 45
2022-02-17 14:55:45 - PHP Unknown:  round(): Passing null to parameter #1 ($num) of type int|float is deprecated in C:\xampp\htdocs\opencart1\upload\catalog\model\catalog\product.php on line 45
2022-02-17 14:55:46 - PHP Unknown:  mysqli::real_escape_string(): Passing null to parameter #1 ($string) of type string is deprecated in C:\xampp\htdocs\opencart1\upload\system\library\db\mysqli.php on line 53
2022-02-17 14:55:46 - PHP Unknown:  round(): Passing null to parameter #1 ($num) of type int|float is deprecated in C:\xampp\htdocs\opencart1\upload\catalog\model\catalog\product.php on line 45
2022-02-17 14:55:46 - PHP Unknown:  round(): Passing null to parameter #1 ($num) of type int|float is deprecated in C:\xampp\htdocs\opencart1\upload\catalog\model\catalog\product.php on line 45
2022-02-17 14:55:46 - PHP Unknown:  round(): Passing null to parameter #1 ($num) of type int|float is deprecated in C:\xampp\htdocs\opencart1\upload\catalog\model\catalog\product.php on line 45
2022-02-17 14:55:46 - PHP Unknown:  round(): Passing null to parameter #1 ($num) of type int|float is deprecated in C:\xampp\htdocs\opencart1\upload\catalog\model\catalog\product.php on line 45
2022-02-17 14:57:12 - PHP Unknown:  mysqli::real_escape_string(): Passing null to parameter #1 ($string) of type string is deprecated in C:\xampp\htdocs\opencart1\upload\system\library\db\mysqli.php on line 53
2022-02-17 14:57:12 - PHP Unknown:  round(): Passing null to parameter #1 ($num) of type int|float is deprecated in C:\xampp\htdocs\opencart1\upload\catalog\model\catalog\product.php on line 45
2022-02-17 14:57:12 - PHP Unknown:  round(): Passing null to parameter #1 ($num) of type int|float is deprecated in C:\xampp\htdocs\opencart1\upload\catalog\model\catalog\product.php on line 45
2022-02-17 14:57:12 - PHP Unknown:  round(): Passing null to parameter #1 ($num) of type int|float is deprecated in C:\xampp\htdocs\opencart1\upload\catalog\model\catalog\product.php on line 45
2022-02-17 14:57:12 - PHP Unknown:  round(): Passing null to parameter #1 ($num) of type int|float is deprecated in C:\xampp\htdocs\opencart1\upload\catalog\model\catalog\product.php on line 45
2022-02-17 14:57:30 - PHP Unknown:  mysqli::real_escape_string(): Passing null to parameter #1 ($string) of type string is deprecated in C:\xampp\htdocs\opencart1\upload\system\library\db\mysqli.php on line 53
2022-02-17 14:57:30 - PHP Unknown:  round(): Passing null to parameter #1 ($num) of type int|float is deprecated in C:\xampp\htdocs\opencart1\upload\catalog\model\catalog\product.php on line 45
2022-02-17 14:57:30 - PHP Unknown:  round(): Passing null to parameter #1 ($num) of type int|float is deprecated in C:\xampp\htdocs\opencart1\upload\catalog\model\catalog\product.php on line 45
2022-02-17 14:57:30 - PHP Unknown:  round(): Passing null to parameter #1 ($num) of type int|float is deprecated in C:\xampp\htdocs\opencart1\upload\catalog\model\catalog\product.php on line 45
2022-02-17 14:57:30 - PHP Unknown:  round(): Passing null to parameter #1 ($num) of type int|float is deprecated in C:\xampp\htdocs\opencart1\upload\catalog\model\catalog\product.php on line 45
2022-02-17 15:00:24 - PHP Unknown:  mysqli::real_escape_string(): Passing null to parameter #1 ($string) of type string is deprecated in C:\xampp\htdocs\opencart1\upload\system\library\db\mysqli.php on line 53
2022-02-17 15:00:24 - PHP Unknown:  round(): Passing null to parameter #1 ($num) of type int|float is deprecated in C:\xampp\htdocs\opencart1\upload\catalog\model\catalog\product.php on line 45
2022-02-17 15:00:24 - PHP Unknown:  round(): Passing null to parameter #1 ($num) of type int|float is deprecated in C:\xampp\htdocs\opencart1\upload\catalog\model\catalog\product.php on line 45
2022-02-17 15:00:24 - PHP Unknown:  round(): Passing null to parameter #1 ($num) of type int|float is deprecated in C:\xampp\htdocs\opencart1\upload\catalog\model\catalog\product.php on line 45
2022-02-17 15:00:24 - PHP Unknown:  round(): Passing null to parameter #1 ($num) of type int|float is deprecated in C:\xampp\htdocs\opencart1\upload\catalog\model\catalog\product.php on line 45
2022-02-17 15:01:08 - PHP Unknown:  mysqli::real_escape_string(): Passing null to parameter #1 ($string) of type string is deprecated in C:\xampp\htdocs\opencart1\upload\system\library\db\mysqli.php on line 53
2022-02-17 15:01:08 - PHP Unknown:  round(): Passing null to parameter #1 ($num) of type int|float is deprecated in C:\xampp\htdocs\opencart1\upload\catalog\model\catalog\product.php on line 45
2022-02-17 15:01:08 - PHP Unknown:  round(): Passing null to parameter #1 ($num) of type int|float is deprecated in C:\xampp\htdocs\opencart1\upload\catalog\model\catalog\product.php on line 45
2022-02-17 15:01:08 - PHP Unknown:  round(): Passing null to parameter #1 ($num) of type int|float is deprecated in C:\xampp\htdocs\opencart1\upload\catalog\model\catalog\product.php on line 45
2022-02-17 15:01:08 - PHP Unknown:  round(): Passing null to parameter #1 ($num) of type int|float is deprecated in C:\xampp\htdocs\opencart1\upload\catalog\model\catalog\product.php on line 45
2022-02-17 15:02:16 - PHP Unknown:  mysqli::real_escape_string(): Passing null to parameter #1 ($string) of type string is deprecated in C:\xampp\htdocs\opencart1\upload\system\library\db\mysqli.php on line 53
2022-02-17 15:02:16 - PHP Unknown:  round(): Passing null to parameter #1 ($num) of type int|float is deprecated in C:\xampp\htdocs\opencart1\upload\catalog\model\catalog\product.php on line 45
2022-02-17 15:02:16 - PHP Unknown:  round(): Passing null to parameter #1 ($num) of type int|float is deprecated in C:\xampp\htdocs\opencart1\upload\catalog\model\catalog\product.php on line 45
2022-02-17 15:02:16 - PHP Unknown:  round(): Passing null to parameter #1 ($num) of type int|float is deprecated in C:\xampp\htdocs\opencart1\upload\catalog\model\catalog\product.php on line 45
2022-02-17 15:02:16 - PHP Unknown:  round(): Passing null to parameter #1 ($num) of type int|float is deprecated in C:\xampp\htdocs\opencart1\upload\catalog\model\catalog\product.php on line 45
2022-02-17 15:04:34 - PHP Unknown:  mysqli::real_escape_string(): Passing null to parameter #1 ($string) of type string is deprecated in C:\xampp\htdocs\opencart1\upload\system\library\db\mysqli.php on line 53
2022-02-17 15:04:34 - PHP Unknown:  round(): Passing null to parameter #1 ($num) of type int|float is deprecated in C:\xampp\htdocs\opencart1\upload\catalog\model\catalog\product.php on line 45
2022-02-17 15:04:34 - PHP Unknown:  round(): Passing null to parameter #1 ($num) of type int|float is deprecated in C:\xampp\htdocs\opencart1\upload\catalog\model\catalog\product.php on line 45
2022-02-17 15:04:34 - PHP Unknown:  round(): Passing null to parameter #1 ($num) of type int|float is deprecated in C:\xampp\htdocs\opencart1\upload\catalog\model\catalog\product.php on line 45
2022-02-17 15:04:34 - PHP Unknown:  round(): Passing null to parameter #1 ($num) of type int|float is deprecated in C:\xampp\htdocs\opencart1\upload\catalog\model\catalog\product.php on line 45
2022-02-17 15:12:37 - PHP Unknown:  mysqli::real_escape_string(): Passing null to parameter #1 ($string) of type string is deprecated in C:\xampp\htdocs\opencart1\upload\system\library\db\mysqli.php on line 53
2022-02-17 15:12:37 - PHP Unknown:  round(): Passing null to parameter #1 ($num) of type int|float is deprecated in C:\xampp\htdocs\opencart1\upload\catalog\model\catalog\product.php on line 45
2022-02-17 15:12:37 - PHP Unknown:  round(): Passing null to parameter #1 ($num) of type int|float is deprecated in C:\xampp\htdocs\opencart1\upload\catalog\model\catalog\product.php on line 45
2022-02-17 15:12:37 - PHP Unknown:  round(): Passing null to parameter #1 ($num) of type int|float is deprecated in C:\xampp\htdocs\opencart1\upload\catalog\model\catalog\product.php on line 45
2022-02-17 15:12:37 - PHP Unknown:  round(): Passing null to parameter #1 ($num) of type int|float is deprecated in C:\xampp\htdocs\opencart1\upload\catalog\model\catalog\product.php on line 45
2022-02-17 15:13:05 - PHP Unknown:  mysqli::real_escape_string(): Passing null to parameter #1 ($string) of type string is deprecated in C:\xampp\htdocs\opencart1\upload\system\library\db\mysqli.php on line 53
2022-02-17 15:13:05 - PHP Unknown:  round(): Passing null to parameter #1 ($num) of type int|float is deprecated in C:\xampp\htdocs\opencart1\upload\catalog\model\catalog\product.php on line 45
2022-02-17 15:13:05 - PHP Unknown:  round(): Passing null to parameter #1 ($num) of type int|float is deprecated in C:\xampp\htdocs\opencart1\upload\catalog\model\catalog\product.php on line 45
2022-02-17 15:13:05 - PHP Unknown:  round(): Passing null to parameter #1 ($num) of type int|float is deprecated in C:\xampp\htdocs\opencart1\upload\catalog\model\catalog\product.php on line 45
2022-02-17 15:13:05 - PHP Unknown:  round(): Passing null to parameter #1 ($num) of type int|float is deprecated in C:\xampp\htdocs\opencart1\upload\catalog\model\catalog\product.php on line 45
2022-02-17 15:13:09 - PHP Unknown:  mysqli::real_escape_string(): Passing null to parameter #1 ($string) of type string is deprecated in C:\xampp\htdocs\opencart1\upload\system\library\db\mysqli.php on line 53
2022-02-17 15:13:09 - PHP Unknown:  round(): Passing null to parameter #1 ($num) of type int|float is deprecated in C:\xampp\htdocs\opencart1\upload\catalog\model\catalog\product.php on line 45
2022-02-17 15:13:09 - PHP Unknown:  round(): Passing null to parameter #1 ($num) of type int|float is deprecated in C:\xampp\htdocs\opencart1\upload\catalog\model\catalog\product.php on line 45
2022-02-17 15:13:09 - PHP Unknown:  round(): Passing null to parameter #1 ($num) of type int|float is deprecated in C:\xampp\htdocs\opencart1\upload\catalog\model\catalog\product.php on line 45
2022-02-17 15:13:09 - PHP Unknown:  round(): Passing null to parameter #1 ($num) of type int|float is deprecated in C:\xampp\htdocs\opencart1\upload\catalog\model\catalog\product.php on line 45
2022-02-17 15:13:15 - PHP Unknown:  mysqli::real_escape_string(): Passing null to parameter #1 ($string) of type string is deprecated in C:\xampp\htdocs\opencart1\upload\system\library\db\mysqli.php on line 53
2022-02-17 15:13:15 - PHP Unknown:  Return type of Twig\Node\Node::count() should either be compatible with Countable::count(): int, or the #[\ReturnTypeWillChange] attribute should be used to temporarily suppress the notice in C:\xampp\htdocs\opencart1\upload\system\storage\vendor\twig\twig\src\Node\Node.php on line 161
2022-02-17 15:13:15 - PHP Unknown:  Return type of Twig\Node\Node::getIterator() should either be compatible with IteratorAggregate::getIterator(): Traversable, or the #[\ReturnTypeWillChange] attribute should be used to temporarily suppress the notice in C:\xampp\htdocs\opencart1\upload\system\storage\vendor\twig\twig\src\Node\Node.php on line 166
2022-02-17 15:15:05 - PHP Unknown:  mysqli::real_escape_string(): Passing null to parameter #1 ($string) of type string is deprecated in C:\xampp\htdocs\opencart1\upload\system\library\db\mysqli.php on line 53
2022-02-17 15:15:05 - PHP Unknown:  round(): Passing null to parameter #1 ($num) of type int|float is deprecated in C:\xampp\htdocs\opencart1\upload\catalog\model\catalog\product.php on line 45
2022-02-17 15:15:05 - PHP Unknown:  round(): Passing null to parameter #1 ($num) of type int|float is deprecated in C:\xampp\htdocs\opencart1\upload\catalog\model\catalog\product.php on line 45
2022-02-17 15:15:05 - PHP Unknown:  round(): Passing null to parameter #1 ($num) of type int|float is deprecated in C:\xampp\htdocs\opencart1\upload\catalog\model\catalog\product.php on line 45
2022-02-17 15:15:05 - PHP Unknown:  round(): Passing null to parameter #1 ($num) of type int|float is deprecated in C:\xampp\htdocs\opencart1\upload\catalog\model\catalog\product.php on line 45
2022-02-17 15:25:21 - PHP Unknown:  mysqli::real_escape_string(): Passing null to parameter #1 ($string) of type string is deprecated in C:\xampp\htdocs\opencart1\upload\system\library\db\mysqli.php on line 53
2022-02-17 15:25:21 - PHP Unknown:  round(): Passing null to parameter #1 ($num) of type int|float is deprecated in C:\xampp\htdocs\opencart1\upload\catalog\model\catalog\product.php on line 45
2022-02-17 15:25:21 - PHP Unknown:  round(): Passing null to parameter #1 ($num) of type int|float is deprecated in C:\xampp\htdocs\opencart1\upload\catalog\model\catalog\product.php on line 45
2022-02-17 15:25:21 - PHP Unknown:  round(): Passing null to parameter #1 ($num) of type int|float is deprecated in C:\xampp\htdocs\opencart1\upload\catalog\model\catalog\product.php on line 45
2022-02-17 15:25:21 - PHP Unknown:  round(): Passing null to parameter #1 ($num) of type int|float is deprecated in C:\xampp\htdocs\opencart1\upload\catalog\model\catalog\product.php on line 45
2022-02-17 15:26:42 - PHP Unknown:  mysqli::real_escape_string(): Passing null to parameter #1 ($string) of type string is deprecated in C:\xampp\htdocs\opencart1\upload\system\library\db\mysqli.php on line 53
2022-02-17 15:26:42 - PHP Unknown:  round(): Passing null to parameter #1 ($num) of type int|float is deprecated in C:\xampp\htdocs\opencart1\upload\catalog\model\catalog\product.php on line 45
2022-02-17 15:26:42 - PHP Unknown:  round(): Passing null to parameter #1 ($num) of type int|float is deprecated in C:\xampp\htdocs\opencart1\upload\catalog\model\catalog\product.php on line 45
2022-02-17 15:26:42 - PHP Unknown:  round(): Passing null to parameter #1 ($num) of type int|float is deprecated in C:\xampp\htdocs\opencart1\upload\catalog\model\catalog\product.php on line 45
2022-02-17 15:26:42 - PHP Unknown:  round(): Passing null to parameter #1 ($num) of type int|float is deprecated in C:\xampp\htdocs\opencart1\upload\catalog\model\catalog\product.php on line 45
2022-02-17 15:26:44 - PHP Unknown:  mysqli::real_escape_string(): Passing null to parameter #1 ($string) of type string is deprecated in C:\xampp\htdocs\opencart1\upload\system\library\db\mysqli.php on line 53
2022-02-17 15:26:44 - PHP Unknown:  round(): Passing null to parameter #1 ($num) of type int|float is deprecated in C:\xampp\htdocs\opencart1\upload\catalog\model\catalog\product.php on line 45
2022-02-17 15:26:44 - PHP Unknown:  round(): Passing null to parameter #1 ($num) of type int|float is deprecated in C:\xampp\htdocs\opencart1\upload\catalog\model\catalog\product.php on line 45
2022-02-17 15:26:44 - PHP Unknown:  round(): Passing null to parameter #1 ($num) of type int|float is deprecated in C:\xampp\htdocs\opencart1\upload\catalog\model\catalog\product.php on line 45
2022-02-17 15:26:44 - PHP Unknown:  round(): Passing null to parameter #1 ($num) of type int|float is deprecated in C:\xampp\htdocs\opencart1\upload\catalog\model\catalog\product.php on line 45
2022-02-17 15:26:46 - PHP Unknown:  mysqli::real_escape_string(): Passing null to parameter #1 ($string) of type string is deprecated in C:\xampp\htdocs\opencart1\upload\system\library\db\mysqli.php on line 53
2022-02-17 15:26:46 - PHP Unknown:  round(): Passing null to parameter #1 ($num) of type int|float is deprecated in C:\xampp\htdocs\opencart1\upload\catalog\model\catalog\product.php on line 45
2022-02-17 15:26:46 - PHP Unknown:  round(): Passing null to parameter #1 ($num) of type int|float is deprecated in C:\xampp\htdocs\opencart1\upload\catalog\model\catalog\product.php on line 45
2022-02-17 15:26:46 - PHP Unknown:  round(): Passing null to parameter #1 ($num) of type int|float is deprecated in C:\xampp\htdocs\opencart1\upload\catalog\model\catalog\product.php on line 45
2022-02-17 15:26:46 - PHP Unknown:  round(): Passing null to parameter #1 ($num) of type int|float is deprecated in C:\xampp\htdocs\opencart1\upload\catalog\model\catalog\product.php on line 45
2022-02-17 15:27:01 - PHP Unknown:  mysqli::real_escape_string(): Passing null to parameter #1 ($string) of type string is deprecated in C:\xampp\htdocs\opencart1\upload\system\library\db\mysqli.php on line 53
2022-02-17 15:27:01 - PHP Unknown:  Automatic conversion of false to array is deprecated in C:\xampp\htdocs\opencart1\upload\catalog\controller\startup\startup.php on line 103
2022-02-17 15:27:01 - PHP Unknown:  round(): Passing null to parameter #1 ($num) of type int|float is deprecated in C:\xampp\htdocs\opencart1\upload\catalog\model\catalog\product.php on line 45
2022-02-17 15:27:01 - PHP Unknown:  round(): Passing null to parameter #1 ($num) of type int|float is deprecated in C:\xampp\htdocs\opencart1\upload\catalog\model\catalog\product.php on line 45
2022-02-17 15:27:01 - PHP Unknown:  round(): Passing null to parameter #1 ($num) of type int|float is deprecated in C:\xampp\htdocs\opencart1\upload\catalog\model\catalog\product.php on line 45
2022-02-17 15:27:01 - PHP Unknown:  round(): Passing null to parameter #1 ($num) of type int|float is deprecated in C:\xampp\htdocs\opencart1\upload\catalog\model\catalog\product.php on line 45
2022-02-17 15:30:13 - PHP Unknown:  mysqli::real_escape_string(): Passing null to parameter #1 ($string) of type string is deprecated in C:\xampp\htdocs\opencart1\upload\system\library\db\mysqli.php on line 53
2022-02-17 15:30:13 - PHP Unknown:  Automatic conversion of false to array is deprecated in C:\xampp\htdocs\opencart1\upload\catalog\controller\startup\startup.php on line 103
2022-02-17 15:30:13 - PHP Unknown:  round(): Passing null to parameter #1 ($num) of type int|float is deprecated in C:\xampp\htdocs\opencart1\upload\catalog\model\catalog\product.php on line 45
2022-02-17 15:30:13 - PHP Unknown:  round(): Passing null to parameter #1 ($num) of type int|float is deprecated in C:\xampp\htdocs\opencart1\upload\catalog\model\catalog\product.php on line 45
2022-02-17 15:30:13 - PHP Unknown:  round(): Passing null to parameter #1 ($num) of type int|float is deprecated in C:\xampp\htdocs\opencart1\upload\catalog\model\catalog\product.php on line 45
2022-02-17 15:30:13 - PHP Unknown:  round(): Passing null to parameter #1 ($num) of type int|float is deprecated in C:\xampp\htdocs\opencart1\upload\catalog\model\catalog\product.php on line 45
2022-02-20 11:33:58 - PHP Unknown:  mysqli::real_escape_string(): Passing null to parameter #1 ($string) of type string is deprecated in C:\xampp\htdocs\opencart1\upload\system\library\db\mysqli.php on line 53
2022-02-20 11:33:58 - PHP Unknown:  Automatic conversion of false to array is deprecated in C:\xampp\htdocs\opencart1\upload\catalog\controller\startup\startup.php on line 103
2022-02-20 11:33:59 - PHP Unknown:  round(): Passing null to parameter #1 ($num) of type int|float is deprecated in C:\xampp\htdocs\opencart1\upload\catalog\model\catalog\product.php on line 45
2022-02-20 11:33:59 - PHP Unknown:  round(): Passing null to parameter #1 ($num) of type int|float is deprecated in C:\xampp\htdocs\opencart1\upload\catalog\model\catalog\product.php on line 45
2022-02-20 11:33:59 - PHP Unknown:  round(): Passing null to parameter #1 ($num) of type int|float is deprecated in C:\xampp\htdocs\opencart1\upload\catalog\model\catalog\product.php on line 45
2022-02-20 11:33:59 - PHP Unknown:  round(): Passing null to parameter #1 ($num) of type int|float is deprecated in C:\xampp\htdocs\opencart1\upload\catalog\model\catalog\product.php on line 45
2022-02-20 11:34:08 - PHP Unknown:  mysqli::real_escape_string(): Passing null to parameter #1 ($string) of type string is deprecated in C:\xampp\htdocs\opencart1\upload\system\library\db\mysqli.php on line 53
2022-02-20 11:34:08 - PHP Unknown:  round(): Passing null to parameter #1 ($num) of type int|float is deprecated in C:\xampp\htdocs\opencart1\upload\catalog\model\catalog\product.php on line 45
2022-02-20 11:34:08 - PHP Unknown:  round(): Passing null to parameter #1 ($num) of type int|float is deprecated in C:\xampp\htdocs\opencart1\upload\catalog\model\catalog\product.php on line 45
2022-02-20 11:34:29 - PHP Unknown:  mysqli::real_escape_string(): Passing null to parameter #1 ($string) of type string is deprecated in C:\xampp\htdocs\opencart1\upload\system\library\db\mysqli.php on line 53
2022-02-20 11:34:29 - PHP Unknown:  Automatic conversion of false to array is deprecated in C:\xampp\htdocs\opencart1\upload\catalog\controller\startup\startup.php on line 103
2022-02-20 11:34:29 - PHP Unknown:  round(): Passing null to parameter #1 ($num) of type int|float is deprecated in C:\xampp\htdocs\opencart1\upload\catalog\model\catalog\product.php on line 45
2022-02-20 11:34:29 - PHP Unknown:  round(): Passing null to parameter #1 ($num) of type int|float is deprecated in C:\xampp\htdocs\opencart1\upload\catalog\model\catalog\product.php on line 45
2022-02-20 11:34:29 - PHP Unknown:  round(): Passing null to parameter #1 ($num) of type int|float is deprecated in C:\xampp\htdocs\opencart1\upload\catalog\model\catalog\product.php on line 45
2022-02-20 11:34:29 - PHP Unknown:  round(): Passing null to parameter #1 ($num) of type int|float is deprecated in C:\xampp\htdocs\opencart1\upload\catalog\model\catalog\product.php on line 45
2022-03-15 11:49:59 - PHP Unknown:  mysqli::real_escape_string(): Passing null to parameter #1 ($string) of type string is deprecated in C:\xampp\htdocs\opencart1\upload\system\library\db\mysqli.php on line 53
2022-03-15 11:49:59 - PHP Unknown:  Automatic conversion of false to array is deprecated in C:\xampp\htdocs\opencart1\upload\catalog\controller\startup\startup.php on line 103
2022-03-15 11:50:01 - PHP Unknown:  round(): Passing null to parameter #1 ($num) of type int|float is deprecated in C:\xampp\htdocs\opencart1\upload\catalog\model\catalog\product.php on line 45
2022-03-15 11:50:01 - PHP Unknown:  round(): Passing null to parameter #1 ($num) of type int|float is deprecated in C:\xampp\htdocs\opencart1\upload\catalog\model\catalog\product.php on line 45
2022-03-15 11:50:01 - PHP Unknown:  round(): Passing null to parameter #1 ($num) of type int|float is deprecated in C:\xampp\htdocs\opencart1\upload\catalog\model\catalog\product.php on line 45
2022-03-15 11:50:01 - PHP Unknown:  round(): Passing null to parameter #1 ($num) of type int|float is deprecated in C:\xampp\htdocs\opencart1\upload\catalog\model\catalog\product.php on line 45
2022-03-15 11:57:30 - PHP Unknown:  round(): Passing null to parameter #1 ($num) of type int|float is deprecated in C:\xampp\htdocs\opencart1\upload\admin\controller\extension\dashboard\sale.php on line 116
